{
  "0 debug pnpm:scope": {
    "selected": 1
  },
  "1 debug pnpm:package-manifest": {
    "initial": {
      "name": "prometheus-research-inc",
      "scripts": {
        "dev": "svelte-kit dev",
        "build": "svelte-kit build",
        "package": "svelte-kit package",
        "preview": "svelte-kit preview",
        "prepare": "svelte-kit sync",
        "test": "playwright test",
        "check": "svelte-check --tsconfig ./tsconfig.json",
        "check:watch": "svelte-check --tsconfig ./tsconfig.json --watch",
        "lint": "prettier --check --plugin-search-dir=. . && eslint .",
        "format": "prettier --write --plugin-search-dir=. ."
      },
      "devDependencies": {
        "@playwright/test": "^1.21.0",
        "@sveltejs/adapter-auto": "next",
        "@sveltejs/kit": "next",
        "@types/cookie": "^0.4.1",
        "@typescript-eslint/eslint-plugin": "^5.10.1",
        "@typescript-eslint/parser": "^5.10.1",
        "eslint": "^8.12.0",
        "eslint-config-prettier": "^8.3.0",
        "eslint-plugin-svelte3": "^4.0.0",
        "prettier": "^2.5.1",
        "prettier-plugin-svelte": "^2.5.0",
        "svelte": "^3.46.0",
        "svelte-check": "^2.2.6",
        "svelte-preprocess": "^4.10.1",
        "tslib": "^2.3.1",
        "typescript": "~4.6.2"
      },
      "type": "module",
      "dependencies": {
        "@fontsource/fira-mono": "^4.5.0",
        "cookie": "^0.4.1"
      }
    },
    "prefix": "C:\\Users\\alen\\Documents\\GitHub\\v2\\prometheus-research-inc.github.io"
  },
  "2 debug pnpm:context": {
    "currentLockfileExists": false,
    "storeDir": "C:\\Users\\alen\\.pnpm-store\\v3",
    "virtualStoreDir": "C:\\Users\\alen\\Documents\\GitHub\\v2\\prometheus-research-inc.github.io\\node_modules\\.pnpm"
  },
  "3 debug pnpm:stage": {
    "prefix": "C:\\Users\\alen\\Documents\\GitHub\\v2\\prometheus-research-inc.github.io",
    "stage": "resolution_started"
  },
  "4 debug pnpm:_dependency_resolved": {
    "resolution": "registry.npmjs.org/eslint-config-prettier/8.5.0",
    "wanted": {
      "dependentId": ".",
      "name": "eslint-config-prettier",
      "rawSpec": "^8.3.0"
    }
  },
  "5 debug pnpm:progress": {
    "packageId": "registry.npmjs.org/eslint-config-prettier/8.5.0",
    "requester": "C:\\Users\\alen\\Documents\\GitHub\\v2\\prometheus-research-inc.github.io",
    "status": "resolved"
  },
  "6 debug pnpm:progress": {
    "packageId": "registry.npmjs.org/eslint-config-prettier/8.5.0",
    "requester": "C:\\Users\\alen\\Documents\\GitHub\\v2\\prometheus-research-inc.github.io",
    "status": "found_in_store"
  },
  "7 debug pnpm:_dependency_resolved": {
    "resolution": "registry.npmjs.org/tslib/2.4.0",
    "wanted": {
      "dependentId": ".",
      "name": "tslib",
      "rawSpec": "^2.3.1"
    }
  },
  "8 debug pnpm:progress": {
    "packageId": "registry.npmjs.org/tslib/2.4.0",
    "requester": "C:\\Users\\alen\\Documents\\GitHub\\v2\\prometheus-research-inc.github.io",
    "status": "resolved"
  },
  "9 debug pnpm:progress": {
    "packageId": "registry.npmjs.org/tslib/2.4.0",
    "requester": "C:\\Users\\alen\\Documents\\GitHub\\v2\\prometheus-research-inc.github.io",
    "status": "found_in_store"
  },
  "10 debug pnpm:_dependency_resolved": {
    "resolution": "registry.npmjs.org/@types/cookie/0.4.1",
    "wanted": {
      "dependentId": ".",
      "name": "@types/cookie",
      "rawSpec": "^0.4.1"
    }
  },
  "11 debug pnpm:progress": {
    "packageId": "registry.npmjs.org/@types/cookie/0.4.1",
    "requester": "C:\\Users\\alen\\Documents\\GitHub\\v2\\prometheus-research-inc.github.io",
    "status": "resolved"
  },
  "12 debug pnpm:progress": {
    "packageId": "registry.npmjs.org/@types/cookie/0.4.1",
    "requester": "C:\\Users\\alen\\Documents\\GitHub\\v2\\prometheus-research-inc.github.io",
    "status": "found_in_store"
  },
  "13 debug pnpm:_dependency_resolved": {
    "resolution": "registry.npmjs.org/prettier/2.6.2",
    "wanted": {
      "dependentId": ".",
      "name": "prettier",
      "rawSpec": "^2.5.1"
    }
  },
  "14 debug pnpm:progress": {
    "packageId": "registry.npmjs.org/prettier/2.6.2",
    "requester": "C:\\Users\\alen\\Documents\\GitHub\\v2\\prometheus-research-inc.github.io",
    "status": "resolved"
  },
  "15 debug pnpm:progress": {
    "packageId": "registry.npmjs.org/prettier/2.6.2",
    "requester": "C:\\Users\\alen\\Documents\\GitHub\\v2\\prometheus-research-inc.github.io",
    "status": "found_in_store"
  },
  "16 debug pnpm:_dependency_resolved": {
    "resolution": "registry.npmjs.org/cookie/0.4.2",
    "wanted": {
      "dependentId": ".",
      "name": "cookie",
      "rawSpec": "^0.4.1"
    }
  },
  "17 debug pnpm:progress": {
    "packageId": "registry.npmjs.org/cookie/0.4.2",
    "requester": "C:\\Users\\alen\\Documents\\GitHub\\v2\\prometheus-research-inc.github.io",
    "status": "resolved"
  },
  "18 debug pnpm:progress": {
    "packageId": "registry.npmjs.org/cookie/0.4.2",
    "requester": "C:\\Users\\alen\\Documents\\GitHub\\v2\\prometheus-research-inc.github.io",
    "status": "found_in_store"
  },
  "19 debug pnpm:_dependency_resolved": {
    "resolution": "registry.npmjs.org/svelte-preprocess/4.10.6",
    "wanted": {
      "dependentId": ".",
      "name": "svelte-preprocess",
      "rawSpec": "^4.10.1"
    }
  },
  "20 debug pnpm:progress": {
    "packageId": "registry.npmjs.org/svelte-preprocess/4.10.6",
    "requester": "C:\\Users\\alen\\Documents\\GitHub\\v2\\prometheus-research-inc.github.io",
    "status": "resolved"
  },
  "21 debug pnpm:progress": {
    "packageId": "registry.npmjs.org/svelte-preprocess/4.10.6",
    "requester": "C:\\Users\\alen\\Documents\\GitHub\\v2\\prometheus-research-inc.github.io",
    "status": "found_in_store"
  },
  "22 debug pnpm:_dependency_resolved": {
    "resolution": "registry.npmjs.org/svelte/3.48.0",
    "wanted": {
      "dependentId": ".",
      "name": "svelte",
      "rawSpec": "^3.46.0"
    }
  },
  "23 debug pnpm:progress": {
    "packageId": "registry.npmjs.org/svelte/3.48.0",
    "requester": "C:\\Users\\alen\\Documents\\GitHub\\v2\\prometheus-research-inc.github.io",
    "status": "resolved"
  },
  "24 debug pnpm:_dependency_resolved": {
    "resolution": "registry.npmjs.org/@fontsource/fira-mono/4.5.8",
    "wanted": {
      "dependentId": ".",
      "name": "@fontsource/fira-mono",
      "rawSpec": "^4.5.0"
    }
  },
  "25 debug pnpm:progress": {
    "packageId": "registry.npmjs.org/@fontsource/fira-mono/4.5.8",
    "requester": "C:\\Users\\alen\\Documents\\GitHub\\v2\\prometheus-research-inc.github.io",
    "status": "resolved"
  },
  "26 debug pnpm:progress": {
    "packageId": "registry.npmjs.org/svelte/3.48.0",
    "requester": "C:\\Users\\alen\\Documents\\GitHub\\v2\\prometheus-research-inc.github.io",
    "status": "found_in_store"
  },
  "27 debug pnpm:_dependency_resolved": {
    "resolution": "registry.npmjs.org/prettier-plugin-svelte/2.7.0",
    "wanted": {
      "dependentId": ".",
      "name": "prettier-plugin-svelte",
      "rawSpec": "^2.5.0"
    }
  },
  "28 debug pnpm:progress": {
    "packageId": "registry.npmjs.org/prettier-plugin-svelte/2.7.0",
    "requester": "C:\\Users\\alen\\Documents\\GitHub\\v2\\prometheus-research-inc.github.io",
    "status": "resolved"
  },
  "29 debug pnpm:progress": {
    "packageId": "registry.npmjs.org/prettier-plugin-svelte/2.7.0",
    "requester": "C:\\Users\\alen\\Documents\\GitHub\\v2\\prometheus-research-inc.github.io",
    "status": "found_in_store"
  },
  "30 debug pnpm:_dependency_resolved": {
    "resolution": "registry.npmjs.org/eslint-plugin-svelte3/4.0.0",
    "wanted": {
      "dependentId": ".",
      "name": "eslint-plugin-svelte3",
      "rawSpec": "^4.0.0"
    }
  },
  "31 debug pnpm:progress": {
    "packageId": "registry.npmjs.org/eslint-plugin-svelte3/4.0.0",
    "requester": "C:\\Users\\alen\\Documents\\GitHub\\v2\\prometheus-research-inc.github.io",
    "status": "resolved"
  },
  "32 debug pnpm:progress": {
    "packageId": "registry.npmjs.org/eslint-plugin-svelte3/4.0.0",
    "requester": "C:\\Users\\alen\\Documents\\GitHub\\v2\\prometheus-research-inc.github.io",
    "status": "found_in_store"
  },
  "33 debug pnpm:_dependency_resolved": {
    "resolution": "registry.npmjs.org/eslint/8.16.0",
    "wanted": {
      "dependentId": ".",
      "name": "eslint",
      "rawSpec": "^8.12.0"
    }
  },
  "34 debug pnpm:progress": {
    "packageId": "registry.npmjs.org/eslint/8.16.0",
    "requester": "C:\\Users\\alen\\Documents\\GitHub\\v2\\prometheus-research-inc.github.io",
    "status": "resolved"
  },
  "35 debug pnpm:progress": {
    "packageId": "registry.npmjs.org/eslint/8.16.0",
    "requester": "C:\\Users\\alen\\Documents\\GitHub\\v2\\prometheus-research-inc.github.io",
    "status": "found_in_store"
  },
  "36 debug pnpm:_dependency_resolved": {
    "resolution": "registry.npmjs.org/svelte-check/2.7.2",
    "wanted": {
      "dependentId": ".",
      "name": "svelte-check",
      "rawSpec": "^2.2.6"
    }
  },
  "37 debug pnpm:progress": {
    "packageId": "registry.npmjs.org/svelte-check/2.7.2",
    "requester": "C:\\Users\\alen\\Documents\\GitHub\\v2\\prometheus-research-inc.github.io",
    "status": "resolved"
  },
  "38 debug pnpm:progress": {
    "packageId": "registry.npmjs.org/svelte-check/2.7.2",
    "requester": "C:\\Users\\alen\\Documents\\GitHub\\v2\\prometheus-research-inc.github.io",
    "status": "found_in_store"
  },
  "39 debug pnpm:_dependency_resolved": {
    "resolution": "registry.npmjs.org/@sveltejs/adapter-auto/1.0.0-next.50",
    "wanted": {
      "dependentId": ".",
      "name": "@sveltejs/adapter-auto",
      "rawSpec": "next"
    }
  },
  "40 debug pnpm:progress": {
    "packageId": "registry.npmjs.org/@sveltejs/adapter-auto/1.0.0-next.50",
    "requester": "C:\\Users\\alen\\Documents\\GitHub\\v2\\prometheus-research-inc.github.io",
    "status": "resolved"
  },
  "41 debug pnpm:progress": {
    "packageId": "registry.npmjs.org/@sveltejs/adapter-auto/1.0.0-next.50",
    "requester": "C:\\Users\\alen\\Documents\\GitHub\\v2\\prometheus-research-inc.github.io",
    "status": "found_in_store"
  },
  "42 debug pnpm:fetching-progress": {
    "attempt": 1,
    "packageId": "registry.npmjs.org/@fontsource/fira-mono/4.5.8",
    "size": 958573,
    "status": "started"
  },
  "43 debug pnpm:_dependency_resolved": {
    "resolution": "registry.npmjs.org/@playwright/test/1.22.2",
    "wanted": {
      "dependentId": ".",
      "name": "@playwright/test",
      "rawSpec": "^1.21.0"
    }
  },
  "44 debug pnpm:progress": {
    "packageId": "registry.npmjs.org/@playwright/test/1.22.2",
    "requester": "C:\\Users\\alen\\Documents\\GitHub\\v2\\prometheus-research-inc.github.io",
    "status": "resolved"
  },
  "45 warn pnpm:install-check": {
    "message": "Unsupported engine for registry.npmjs.org/@sveltejs/kit/1.0.0-next.347: wanted: {\"node\":\">=16.7\"} (current: {\"node\":\"v14.17.0\",\"pnpm\":\"6.32.3\"})",
    "prefix": "C:\\Users\\alen\\Documents\\GitHub\\v2\\prometheus-research-inc.github.io"
  },
  "46 error pnpm": {
    "code": "ERR_PNPM_UNSUPPORTED_ENGINE",
    "packageId": "registry.npmjs.org/@sveltejs/kit/1.0.0-next.347",
    "wanted": {
      "node": ">=16.7"
    },
    "current": {
      "node": "v14.17.0",
      "pnpm": "6.32.3"
    },
    "pkgsStack": [],
    "err": {
      "name": "pnpm",
      "message": "Unsupported engine for registry.npmjs.org/@sveltejs/kit/1.0.0-next.347: wanted: {\"node\":\">=16.7\"} (current: {\"node\":\"v14.17.0\",\"pnpm\":\"6.32.3\"})",
      "code": "ERR_PNPM_UNSUPPORTED_ENGINE",
      "stack": "pnpm: Unsupported engine for registry.npmjs.org/@sveltejs/kit/1.0.0-next.347: wanted: {\"node\":\">=16.7\"} (current: {\"node\":\"v14.17.0\",\"pnpm\":\"6.32.3\"})\n    at checkEngine (C:\\snapshot\\dist\\pnpm.cjs)\n    at checkPackage (C:\\snapshot\\dist\\pnpm.cjs)\n    at packageIsInstallable (C:\\snapshot\\dist\\pnpm.cjs)\n    at resolveAndFetch (C:\\snapshot\\dist\\pnpm.cjs)\n    at runMicrotasks (<anonymous>)\n    at processTicksAndRejections (internal/process/task_queues.js:95:5)\n    at async resolveDependency (C:\\snapshot\\dist\\pnpm.cjs)\n    at async resolveDependenciesOfDependency (C:\\snapshot\\dist\\pnpm.cjs)\n    at async Promise.all (index 2)\n    at async resolveDependencies (C:\\snapshot\\dist\\pnpm.cjs)"
    }
  }
}